<?xml version="1.0" encoding="UTF-8"?>
<!-- Generated by org.testng.reporters.JUnitReportReporter -->
<testsuite hostname="LAPTOP-QUQ97TM0" failures="0" tests="8" name="test1.Day9_1" time="0.020" errors="0" timestamp="2023-05-02T09:38:03 IST" skipped="0">
  <testcase classname="test1.Day9_1" name="div" time="0.001"/>
  <system-out/>
  <testcase classname="test1.Day9_1" name="div" time="0.001"/>
  <system-out/>
  <testcase classname="test1.Day9_1" name="sub" time="0.001"/>
  <system-out/>
  <testcase classname="test1.Day9_1" name="mul" time="0.002"/>
  <system-out/>
  <testcase classname="test1.Day9_1" name="add" time="0.001"/>
  <system-out/>
  <testcase classname="test1.Day9_1" name="sub" time="0.002"/>
  <system-out/>
  <testcase classname="test1.Day9_1" name="mul" time="0.002"/>
  <system-out/>
  <testcase classname="test1.Day9_1" name="add" time="0.010"/>
  <system-out/>
</testsuite> <!-- test1.Day9_1 -->
