<?xml version="1.0" encoding="UTF-8"?>
<!-- Generated by org.testng.reporters.JUnitReportReporter -->
<testsuite hostname="LAPTOP-QUQ97TM0" failures="0" tests="1" name="test1.Day9_4" time="0.012" errors="0" timestamp="2023-05-02T14:45:40 IST" skipped="0">
  <testcase classname="test1.Day9_4" name="tc001" time="0.012"/>
  <system-out/>
</testsuite> <!-- test1.Day9_4 -->
