<?xml version="1.0" encoding="UTF-8"?>
<!-- Generated by org.testng.reporters.JUnitReportReporter -->
<testsuite hostname="LAPTOP-QUQ97TM0" failures="0" tests="1" name="test1.Day9_3" time="22.773" errors="0" timestamp="2023-05-02T12:34:50 IST" skipped="0">
  <testcase classname="test1.Day9_3" name="tc01" time="22.773"/>
  <system-out/>
</testsuite> <!-- test1.Day9_3 -->
