<?xml version="1.0" encoding="UTF-8"?>
<!-- Generated by org.testng.reporters.JUnitReportReporter -->
<testsuite hostname="LAPTOP-QUQ97TM0" failures="0" tests="2" name="test1.NewTest_5" time="55.964" errors="0" timestamp="2023-04-27T15:26:46 IST" skipped="0">
  <testcase classname="test1.NewTest_5" name="tc_2" time="32.674"/>
  <system-out/>
  <testcase classname="test1.NewTest_5" name="tc_1" time="23.290"/>
  <system-out/>
</testsuite> <!-- test1.NewTest_5 -->
