<?xml version="1.0" encoding="UTF-8"?>
<!-- Generated by org.testng.reporters.JUnitReportReporter -->
<testsuite hostname="LAPTOP-QUQ97TM0" failures="0" tests="2" name="test1.NewTest_4" time="119.388" errors="0" timestamp="2023-04-27T14:21:08 IST" skipped="0">
  <testcase classname="test1.NewTest_4" name="tc_2" time="18.101"/>
  <system-out/>
  <testcase classname="test1.NewTest_4" name="tc_1" time="101.287"/>
  <system-out/>
</testsuite> <!-- test1.NewTest_4 -->
