<?xml version="1.0" encoding="UTF-8"?>
<!-- Generated by org.testng.reporters.JUnitReportReporter -->
<testsuite hostname="LAPTOP-QUQ97TM0" failures="0" tests="1" name="test1.NewTest_3" time="27.343" errors="0" timestamp="2023-05-03T14:00:58 IST" skipped="0">
  <testcase classname="test1.NewTest_3" name="tc_2" time="27.343"/>
  <system-out/>
</testsuite> <!-- test1.NewTest_3 -->
