<?xml version="1.0" encoding="UTF-8"?>
<!-- Generated by org.testng.reporters.JUnitReportReporter -->
<testsuite hostname="LAPTOP-QUQ97TM0" failures="0" tests="2" name="com.example.dayone.testing2.SampleGroups" time="0.013" errors="0" timestamp="2023-04-27T16:12:21 IST" skipped="0">
  <testcase classname="com.example.dayone.testing2.SampleGroups" name="TC_002" time="0.012"/>
  <system-out/>
  <testcase classname="com.example.dayone.testing2.SampleGroups" name="TC_003" time="0.001"/>
  <system-out/>
</testsuite> <!-- com.example.dayone.testing2.SampleGroups -->
