<?xml version="1.0" encoding="UTF-8"?>
<!-- Generated by org.testng.reporters.JUnitReportReporter -->
<testsuite hostname="LAPTOP-QUQ97TM0" failures="0" tests="1" name="test1.NewTest" time="12.912" errors="0" timestamp="2023-04-27T11:37:10 IST" skipped="0">
  <testcase classname="test1.NewTest" name="tc001" time="12.912"/>
  <system-out/>
</testsuite> <!-- test1.NewTest -->
